<?xml version="1.0" encoding="UTF-8"?>
<testsuite name="com.mindex.challenge.ReportingSturctureTests" tests="1" skipped="0" failures="0" errors="0" timestamp="2022-07-04T20:47:12" hostname="DESKTOP-AQUHQOB" time="0.293">
  <properties/>
  <testcase name="test" classname="com.mindex.challenge.ReportingSturctureTests" time="0.293"/>
  <system-out><![CDATA[16:47:09.109 [Test worker] DEBUG org.springframework.test.context.junit4.SpringJUnit4ClassRunner - SpringJUnit4ClassRunner constructor called with [class com.mindex.challenge.ReportingSturctureTests]
16:47:09.114 [Test worker] DEBUG org.springframework.test.context.BootstrapUtils - Instantiating CacheAwareContextLoaderDelegate from class [org.springframework.test.context.cache.DefaultCacheAwareContextLoaderDelegate]
16:47:09.120 [Test worker] DEBUG org.springframework.test.context.BootstrapUtils - Instantiating BootstrapContext using constructor [public org.springframework.test.context.support.DefaultBootstrapContext(java.lang.Class,org.springframework.test.context.CacheAwareContextLoaderDelegate)]
16:47:09.143 [Test worker] DEBUG org.springframework.test.context.BootstrapUtils - Instantiating TestContextBootstrapper for test class [com.mindex.challenge.ReportingSturctureTests] from class [org.springframework.boot.test.context.SpringBootTestContextBootstrapper]
16:47:09.155 [Test worker] INFO org.springframework.boot.test.context.SpringBootTestContextBootstrapper - Neither @ContextConfiguration nor @ContextHierarchy found for test class [com.mindex.challenge.ReportingSturctureTests], using SpringBootContextLoader
16:47:09.158 [Test worker] DEBUG org.springframework.test.context.support.AbstractContextLoader - Did not detect default resource location for test class [com.mindex.challenge.ReportingSturctureTests]: class path resource [com/mindex/challenge/ReportingSturctureTests-context.xml] does not exist
16:47:09.159 [Test worker] DEBUG org.springframework.test.context.support.AbstractContextLoader - Did not detect default resource location for test class [com.mindex.challenge.ReportingSturctureTests]: class path resource [com/mindex/challenge/ReportingSturctureTestsContext.groovy] does not exist
16:47:09.159 [Test worker] INFO org.springframework.test.context.support.AbstractContextLoader - Could not detect default resource locations for test class [com.mindex.challenge.ReportingSturctureTests]: no resource found for suffixes {-context.xml, Context.groovy}.
16:47:09.160 [Test worker] INFO org.springframework.test.context.support.AnnotationConfigContextLoaderUtils - Could not detect default configuration classes for test class [com.mindex.challenge.ReportingSturctureTests]: ReportingSturctureTests does not declare any static, non-private, non-final, nested classes annotated with @Configuration.
16:47:09.189 [Test worker] DEBUG org.springframework.test.context.support.ActiveProfilesUtils - Could not find an 'annotation declaring class' for annotation type [org.springframework.test.context.ActiveProfiles] and class [com.mindex.challenge.ReportingSturctureTests]
16:47:09.245 [Test worker] DEBUG org.springframework.context.annotation.ClassPathScanningCandidateComponentProvider - Identified candidate component class: file [C:\Users\Derrick Knighton\eclipse-workspace\mindex-java-code-challenge\build\classes\java\main\com\mindex\challenge\ChallengeApplication.class]
16:47:09.250 [Test worker] INFO org.springframework.boot.test.context.SpringBootTestContextBootstrapper - Found @SpringBootConfiguration com.mindex.challenge.ChallengeApplication for test class com.mindex.challenge.ReportingSturctureTests
16:47:09.326 [Test worker] DEBUG org.springframework.boot.test.context.SpringBootTestContextBootstrapper - @TestExecutionListeners is not present for class [com.mindex.challenge.ReportingSturctureTests]: using defaults.
16:47:09.327 [Test worker] INFO org.springframework.boot.test.context.SpringBootTestContextBootstrapper - Loaded default TestExecutionListener class names from location [META-INF/spring.factories]: [org.springframework.boot.test.autoconfigure.restdocs.RestDocsTestExecutionListener, org.springframework.boot.test.autoconfigure.web.client.MockRestServiceServerResetTestExecutionListener, org.springframework.boot.test.autoconfigure.web.servlet.MockMvcPrintOnlyOnFailureTestExecutionListener, org.springframework.boot.test.autoconfigure.web.servlet.WebDriverTestExecutionListener, org.springframework.boot.test.mock.mockito.MockitoTestExecutionListener, org.springframework.boot.test.mock.mockito.ResetMocksTestExecutionListener, org.springframework.test.context.web.ServletTestExecutionListener, org.springframework.test.context.support.DirtiesContextBeforeModesTestExecutionListener, org.springframework.test.context.support.DependencyInjectionTestExecutionListener, org.springframework.test.context.support.DirtiesContextTestExecutionListener, org.springframework.test.context.transaction.TransactionalTestExecutionListener, org.springframework.test.context.jdbc.SqlScriptsTestExecutionListener, org.springframework.test.context.event.EventPublishingTestExecutionListener]
16:47:09.339 [Test worker] INFO org.springframework.boot.test.context.SpringBootTestContextBootstrapper - Using TestExecutionListeners: [org.springframework.test.context.web.ServletTestExecutionListener@2db28efa, org.springframework.test.context.support.DirtiesContextBeforeModesTestExecutionListener@2a681743, org.springframework.boot.test.mock.mockito.MockitoTestExecutionListener@6b1414ec, org.springframework.boot.test.autoconfigure.SpringBootDependencyInjectionTestExecutionListener@1ef7388a, org.springframework.test.context.support.DirtiesContextTestExecutionListener@278ba0f0, org.springframework.test.context.transaction.TransactionalTestExecutionListener@4db3694d, org.springframework.test.context.jdbc.SqlScriptsTestExecutionListener@6cba763, org.springframework.test.context.event.EventPublishingTestExecutionListener@215fec58, org.springframework.boot.test.autoconfigure.restdocs.RestDocsTestExecutionListener@5b2944a3, org.springframework.boot.test.autoconfigure.web.client.MockRestServiceServerResetTestExecutionListener@d06a78a, org.springframework.boot.test.autoconfigure.web.servlet.MockMvcPrintOnlyOnFailureTestExecutionListener@562de9f6, org.springframework.boot.test.autoconfigure.web.servlet.WebDriverTestExecutionListener@8cee247, org.springframework.boot.test.mock.mockito.ResetMocksTestExecutionListener@1953b3a1]
16:47:09.342 [Test worker] DEBUG org.springframework.test.annotation.ProfileValueUtils - Retrieved @ProfileValueSourceConfiguration [null] for test class [com.mindex.challenge.ReportingSturctureTests]
16:47:09.343 [Test worker] DEBUG org.springframework.test.annotation.ProfileValueUtils - Retrieved ProfileValueSource type [class org.springframework.test.annotation.SystemProfileValueSource] for class [com.mindex.challenge.ReportingSturctureTests]
16:47:09.345 [Test worker] DEBUG org.springframework.test.annotation.ProfileValueUtils - Retrieved @ProfileValueSourceConfiguration [null] for test class [com.mindex.challenge.ReportingSturctureTests]
16:47:09.345 [Test worker] DEBUG org.springframework.test.annotation.ProfileValueUtils - Retrieved ProfileValueSource type [class org.springframework.test.annotation.SystemProfileValueSource] for class [com.mindex.challenge.ReportingSturctureTests]
16:47:09.346 [Test worker] DEBUG org.springframework.test.annotation.ProfileValueUtils - Retrieved @ProfileValueSourceConfiguration [null] for test class [com.mindex.challenge.ReportingSturctureTests]
16:47:09.346 [Test worker] DEBUG org.springframework.test.annotation.ProfileValueUtils - Retrieved ProfileValueSource type [class org.springframework.test.annotation.SystemProfileValueSource] for class [com.mindex.challenge.ReportingSturctureTests]
16:47:09.348 [Test worker] DEBUG org.springframework.test.context.support.AbstractDirtiesContextTestExecutionListener - Before test class: context [DefaultTestContext@72ea1b60 testClass = ReportingSturctureTests, testInstance = [null], testMethod = [null], testException = [null], mergedContextConfiguration = [WebMergedContextConfiguration@30935dff testClass = ReportingSturctureTests, locations = '{}', classes = '{class com.mindex.challenge.ChallengeApplication}', contextInitializerClasses = '[]', activeProfiles = '{}', propertySourceLocations = '{}', propertySourceProperties = '{org.springframework.boot.test.context.SpringBootTestContextBootstrapper=true}', contextCustomizers = set[org.springframework.boot.test.autoconfigure.properties.PropertyMappingContextCustomizer@0, org.springframework.boot.test.autoconfigure.web.servlet.WebDriverContextCustomizerFactory$Customizer@5f7a9860, org.springframework.boot.test.context.filter.ExcludeFilterContextCustomizer@6cf4e9ac, org.springframework.boot.test.json.DuplicateJsonObjectContextCustomizerFactory$DuplicateJsonObjectContextCustomizer@2aa1a021, org.springframework.boot.test.mock.mockito.MockitoContextCustomizer@0, org.springframework.boot.test.web.client.TestRestTemplateContextCustomizer@3cb25355], resourceBasePath = 'src/main/webapp', contextLoader = 'org.springframework.boot.test.context.SpringBootContextLoader', parent = [null]], attributes = map['org.springframework.test.context.web.ServletTestExecutionListener.activateListener' -> true]], class annotated with @DirtiesContext [false] with mode [null].
16:47:09.350 [Test worker] DEBUG org.springframework.test.annotation.ProfileValueUtils - Retrieved @ProfileValueSourceConfiguration [null] for test class [com.mindex.challenge.ReportingSturctureTests]
16:47:09.350 [Test worker] DEBUG org.springframework.test.annotation.ProfileValueUtils - Retrieved ProfileValueSource type [class org.springframework.test.annotation.SystemProfileValueSource] for class [com.mindex.challenge.ReportingSturctureTests]
16:47:09.365 [Test worker] DEBUG org.springframework.test.context.support.TestPropertySourceUtils - Adding inlined properties to environment: {spring.jmx.enabled=false, org.springframework.boot.test.context.SpringBootTestContextBootstrapper=true, server.port=-1}

  .   ____          _            __ _ _
 /\\ / ___'_ __ _ _(_)_ __  __ _ \ \ \ \
( ( )\___ | '_ | '_| | '_ \/ _` | \ \ \ \
 \\/  ___)| |_)| | | | | || (_| |  ) ) ) )
  '  |____| .__|_| |_|_| |_\__, | / / / /
 =========|_|==============|___/=/_/_/_/
 :: Spring Boot ::        (v2.2.0.RELEASE)

2022-07-04 16:47:09.574  INFO 19424 --- [    Test worker] c.m.challenge.ReportingSturctureTests    : Starting ReportingSturctureTests on DESKTOP-AQUHQOB with PID 19424 (started by Derrick Knighton in C:\Users\Derrick Knighton\eclipse-workspace\mindex-java-code-challenge)
2022-07-04 16:47:09.575 DEBUG 19424 --- [    Test worker] c.m.challenge.ReportingSturctureTests    : Running with Spring Boot v2.2.0.RELEASE, Spring v5.2.0.RELEASE
2022-07-04 16:47:09.575  INFO 19424 --- [    Test worker] c.m.challenge.ReportingSturctureTests    : No active profile set, falling back to default profiles: default
2022-07-04 16:47:10.082  INFO 19424 --- [    Test worker] .s.d.r.c.RepositoryConfigurationDelegate : Bootstrapping Spring Data repositories in DEFAULT mode.
2022-07-04 16:47:10.117  INFO 19424 --- [    Test worker] .s.d.r.c.RepositoryConfigurationDelegate : Finished Spring Data repository scanning in 31ms. Found 2 repository interfaces.
2022-07-04 16:47:10.729  INFO 19424 --- [    Test worker] de.bwaldvogel.mongo.MongoServer          : started MongoServer(port: 54408, ssl: false)
2022-07-04 16:47:10.783  INFO 19424 --- [    Test worker] org.mongodb.driver.cluster               : Cluster created with settings {hosts=[127.0.0.1:54408], mode=SINGLE, requiredClusterType=UNKNOWN, serverSelectionTimeout='30000 ms', maxWaitQueueSize=500}
2022-07-04 16:47:10.826  INFO 19424 --- [-server-worker1] d.b.mongo.wire.MongoWireProtocolHandler  : client [id: 0x52e04985, L:/127.0.0.1:54408 - R:/127.0.0.1:54409] connected
2022-07-04 16:47:10.874  INFO 19424 --- [127.0.0.1:54408] org.mongodb.driver.connection            : Opened connection [connectionId{localValue:1}] to 127.0.0.1:54408
2022-07-04 16:47:10.878  INFO 19424 --- [127.0.0.1:54408] org.mongodb.driver.cluster               : Monitor thread successfully connected to server with description ServerDescription{address=127.0.0.1:54408, type=STANDALONE, state=CONNECTED, ok=true, version=ServerVersion{versionList=[3, 0, 0]}, minWireVersion=0, maxWireVersion=2, maxDocumentSize=16777216, logicalSessionTimeoutMinutes=null, roundTripTimeNanos=1621300}
2022-07-04 16:47:10.882  WARN 19424 --- [    Test worker] o.s.data.convert.CustomConversions       : Registering converter from class java.time.LocalDateTime to class java.time.Instant as reading converter although it doesn't convert from a store-supported type! You might wanna check you annotation setup at the converter implementation.
2022-07-04 16:47:10.882  WARN 19424 --- [    Test worker] o.s.data.convert.CustomConversions       : Registering converter from class java.time.Instant to class java.time.LocalDateTime as reading converter although it doesn't convert from a store-supported type! You might wanna check you annotation setup at the converter implementation.
2022-07-04 16:47:10.886  WARN 19424 --- [    Test worker] o.s.data.convert.CustomConversions       : Registering converter from class java.time.LocalDateTime to class java.time.Instant as reading converter although it doesn't convert from a store-supported type! You might wanna check you annotation setup at the converter implementation.
2022-07-04 16:47:10.886  WARN 19424 --- [    Test worker] o.s.data.convert.CustomConversions       : Registering converter from class java.time.Instant to class java.time.LocalDateTime as reading converter although it doesn't convert from a store-supported type! You might wanna check you annotation setup at the converter implementation.
2022-07-04 16:47:11.158  INFO 19424 --- [-server-worker2] d.b.mongo.wire.MongoWireProtocolHandler  : client [id: 0x42ccf664, L:/127.0.0.1:54408 - R:/127.0.0.1:54410] connected
2022-07-04 16:47:11.163  INFO 19424 --- [    Test worker] org.mongodb.driver.connection            : Opened connection [connectionId{localValue:2}] to 127.0.0.1:54408
2022-07-04 16:47:11.177  INFO 19424 --- [-server-worker2] d.b.mongo.backend.AbstractMongoBackend   : created database test
2022-07-04 16:47:11.188  INFO 19424 --- [-server-worker2] d.b.mongo.backend.AbstractMongoDatabase  : adding unique _id index for collection employee
2022-07-04 16:47:11.189  INFO 19424 --- [-server-worker2] d.b.mongo.backend.AbstractMongoDatabase  : created collection test.employee
2022-07-04 16:47:11.964  WARN 19424 --- [    Test worker] o.s.data.convert.CustomConversions       : Registering converter from class java.time.LocalDateTime to class java.time.Instant as reading converter although it doesn't convert from a store-supported type! You might wanna check you annotation setup at the converter implementation.
2022-07-04 16:47:11.964  WARN 19424 --- [    Test worker] o.s.data.convert.CustomConversions       : Registering converter from class java.time.Instant to class java.time.LocalDateTime as reading converter although it doesn't convert from a store-supported type! You might wanna check you annotation setup at the converter implementation.
2022-07-04 16:47:11.985  WARN 19424 --- [    Test worker] o.s.data.convert.CustomConversions       : Registering converter from class java.time.LocalDateTime to class java.time.Instant as reading converter although it doesn't convert from a store-supported type! You might wanna check you annotation setup at the converter implementation.
2022-07-04 16:47:11.986  WARN 19424 --- [    Test worker] o.s.data.convert.CustomConversions       : Registering converter from class java.time.Instant to class java.time.LocalDateTime as reading converter although it doesn't convert from a store-supported type! You might wanna check you annotation setup at the converter implementation.
2022-07-04 16:47:12.320  INFO 19424 --- [    Test worker] c.m.challenge.ReportingSturctureTests    : Started ReportingSturctureTests in 2.948 seconds (JVM running for 3.672)
16a596ae-edd3-4847-99fe-c4518e82c86f
2022-07-04 16:47:12.599 DEBUG 19424 --- [    Test worker] c.m.c.service.impl.EmployeeServiceImpl   : Creating employee with id [16a596ae-edd3-4847-99fe-c4518e82c86f]
com.mindex.challenge.data.Employee@634ee111
Here in adding condition
2022-07-04 16:47:12.600 DEBUG 19424 --- [    Test worker] c.m.c.service.impl.EmployeeServiceImpl   : Creating employee with id [b7839309-3348-463b-a7e3-5de1c168beb3]
b7839309-3348-463b-a7e3-5de1c168beb3
2022-07-04 16:47:12.602 DEBUG 19424 --- [    Test worker] c.m.c.service.impl.EmployeeServiceImpl   : Creating employee with id [b7839309-3348-463b-a7e3-5de1c168beb3]
com.mindex.challenge.data.Employee@20c0f996
here in the terminating condition
2022-07-04 16:47:12.603 DEBUG 19424 --- [    Test worker] c.m.c.service.impl.EmployeeServiceImpl   : Creating employee with id [03aa1462-ffa9-4978-901b-7c001562cf6f]
03aa1462-ffa9-4978-901b-7c001562cf6f
2022-07-04 16:47:12.604 DEBUG 19424 --- [    Test worker] c.m.c.service.impl.EmployeeServiceImpl   : Creating employee with id [03aa1462-ffa9-4978-901b-7c001562cf6f]
com.mindex.challenge.data.Employee@3706a0e6
Here in adding condition
2022-07-04 16:47:12.605 DEBUG 19424 --- [    Test worker] c.m.c.service.impl.EmployeeServiceImpl   : Creating employee with id [62c1084e-6e34-4630-93fd-9153afb65309]
62c1084e-6e34-4630-93fd-9153afb65309
2022-07-04 16:47:12.607 DEBUG 19424 --- [    Test worker] c.m.c.service.impl.EmployeeServiceImpl   : Creating employee with id [62c1084e-6e34-4630-93fd-9153afb65309]
com.mindex.challenge.data.Employee@3e11a407
here in the terminating condition
2022-07-04 16:47:12.608 DEBUG 19424 --- [    Test worker] c.m.c.service.impl.EmployeeServiceImpl   : Creating employee with id [c0c2293d-16bd-4603-8e08-638a9d18b22c]
c0c2293d-16bd-4603-8e08-638a9d18b22c
2022-07-04 16:47:12.610 DEBUG 19424 --- [    Test worker] c.m.c.service.impl.EmployeeServiceImpl   : Creating employee with id [c0c2293d-16bd-4603-8e08-638a9d18b22c]
com.mindex.challenge.data.Employee@2a438cbd
here in the terminating condition
03aa1462-ffa9-4978-901b-7c001562cf6f
2022-07-04 16:47:12.612 DEBUG 19424 --- [    Test worker] c.m.c.service.impl.EmployeeServiceImpl   : Creating employee with id [03aa1462-ffa9-4978-901b-7c001562cf6f]
com.mindex.challenge.data.Employee@de8cc2a
Here in adding condition
2022-07-04 16:47:12.613 DEBUG 19424 --- [    Test worker] c.m.c.service.impl.EmployeeServiceImpl   : Creating employee with id [62c1084e-6e34-4630-93fd-9153afb65309]
62c1084e-6e34-4630-93fd-9153afb65309
2022-07-04 16:47:12.614 DEBUG 19424 --- [    Test worker] c.m.c.service.impl.EmployeeServiceImpl   : Creating employee with id [62c1084e-6e34-4630-93fd-9153afb65309]
com.mindex.challenge.data.Employee@f6b4ce1
here in the terminating condition
2022-07-04 16:47:12.615 DEBUG 19424 --- [    Test worker] c.m.c.service.impl.EmployeeServiceImpl   : Creating employee with id [c0c2293d-16bd-4603-8e08-638a9d18b22c]
c0c2293d-16bd-4603-8e08-638a9d18b22c
2022-07-04 16:47:12.617 DEBUG 19424 --- [    Test worker] c.m.c.service.impl.EmployeeServiceImpl   : Creating employee with id [c0c2293d-16bd-4603-8e08-638a9d18b22c]
com.mindex.challenge.data.Employee@41bbb13a
here in the terminating condition
62c1084e-6e34-4630-93fd-9153afb65309
2022-07-04 16:47:12.622 DEBUG 19424 --- [    Test worker] c.m.c.service.impl.EmployeeServiceImpl   : Creating employee with id [62c1084e-6e34-4630-93fd-9153afb65309]
com.mindex.challenge.data.Employee@14e2f1a8
here in the terminating condition
]]></system-out>
  <system-err><![CDATA[]]></system-err>
</testsuite>
